[debug] [2025-10-11T07:24:05.844Z] ----------------------------------------------------------------------
[debug] [2025-10-11T07:24:05.878Z] Command:       C:\Program Files\nodejs\node.exe C:\Users\lawre\AppData\Roaming\npm\node_modules\firebase-tools\lib\bin\firebase.js serve
[debug] [2025-10-11T07:24:05.879Z] CLI Version:   14.17.0
[debug] [2025-10-11T07:24:05.879Z] Platform:      win32
[debug] [2025-10-11T07:24:05.879Z] Node Version:  v22.19.0
[debug] [2025-10-11T07:24:05.880Z] Time:          Sat Oct 11 2025 15:24:05 GMT+0800 (Standard na Oras sa China)
[debug] [2025-10-11T07:24:05.881Z] ----------------------------------------------------------------------
[debug] 
[debug] [2025-10-11T07:24:05.889Z] >>> [apiv2][query] GET https://firebase-public.firebaseio.com/cli.json [none]
[debug] [2025-10-11T07:24:06.669Z] > command requires scopes: ["email","openid","https://www.googleapis.com/auth/cloudplatformprojects.readonly","https://www.googleapis.com/auth/firebase","https://www.googleapis.com/auth/cloud-platform"]
[debug] [2025-10-11T07:24:06.670Z] > authorizing via signed-in user (lawrenceodtujan2@gmail.com)
[debug] [2025-10-11T07:24:06.670Z] [iam] checking project t-gram-53a4f for permissions ["firebase.projects.get"]
[debug] [2025-10-11T07:24:06.672Z] Checked if tokens are valid: false, expires at: 1760004221375
[debug] [2025-10-11T07:24:06.673Z] Checked if tokens are valid: false, expires at: 1760004221375
[debug] [2025-10-11T07:24:06.673Z] > refreshing access token with scopes: []
[debug] [2025-10-11T07:24:06.678Z] >>> [apiv2][query] POST https://www.googleapis.com/oauth2/v3/token [none]
[debug] [2025-10-11T07:24:06.678Z] >>> [apiv2][body] POST https://www.googleapis.com/oauth2/v3/token [omitted]
[debug] [2025-10-11T07:24:07.261Z] <<< [apiv2][status] GET https://firebase-public.firebaseio.com/cli.json 200
[debug] [2025-10-11T07:24:07.263Z] <<< [apiv2][body] GET https://firebase-public.firebaseio.com/cli.json {"cloudBuildErrorAfter":1594252800000,"cloudBuildWarnAfter":1590019200000,"defaultNode10After":1594252800000,"minVersion":"3.0.5","node8DeploysDisabledAfter":1613390400000,"node8RuntimeDisabledAfter":1615809600000,"node8WarnAfter":1600128000000}
[debug] [2025-10-11T07:24:07.297Z] <<< [apiv2][status] POST https://www.googleapis.com/oauth2/v3/token 200
[debug] [2025-10-11T07:24:07.297Z] <<< [apiv2][body] POST https://www.googleapis.com/oauth2/v3/token [omitted]
[debug] [2025-10-11T07:24:07.326Z] >>> [apiv2][query] POST https://cloudresourcemanager.googleapis.com/v1/projects/t-gram-53a4f:testIamPermissions [none]
[debug] [2025-10-11T07:24:07.326Z] >>> [apiv2][(partial)header] POST https://cloudresourcemanager.googleapis.com/v1/projects/t-gram-53a4f:testIamPermissions x-goog-quota-user=projects/t-gram-53a4f
[debug] [2025-10-11T07:24:07.326Z] >>> [apiv2][body] POST https://cloudresourcemanager.googleapis.com/v1/projects/t-gram-53a4f:testIamPermissions {"permissions":["firebase.projects.get"]}
[debug] [2025-10-11T07:24:08.420Z] <<< [apiv2][status] POST https://cloudresourcemanager.googleapis.com/v1/projects/t-gram-53a4f:testIamPermissions 200
[debug] [2025-10-11T07:24:08.420Z] <<< [apiv2][body] POST https://cloudresourcemanager.googleapis.com/v1/projects/t-gram-53a4f:testIamPermissions {"permissions":["firebase.projects.get"]}
[debug] [2025-10-11T07:24:08.423Z] Checked if tokens are valid: true, expires at: 1760171046297
[debug] [2025-10-11T07:24:08.423Z] Checked if tokens are valid: true, expires at: 1760171046297
[debug] [2025-10-11T07:24:08.423Z] >>> [apiv2][query] GET https://cloudresourcemanager.googleapis.com/v1/projects/t-gram-53a4f [none]
[debug] [2025-10-11T07:24:08.679Z] <<< [apiv2][status] GET https://cloudresourcemanager.googleapis.com/v1/projects/t-gram-53a4f 200
[debug] [2025-10-11T07:24:08.679Z] <<< [apiv2][body] GET https://cloudresourcemanager.googleapis.com/v1/projects/t-gram-53a4f {"projectNumber":"1014219227882","projectId":"t-gram-53a4f","lifecycleState":"ACTIVE","name":"T-Gram","labels":{"firebase":"enabled","firebase-core":"disabled"},"createTime":"2025-09-06T04:43:37.162947Z"}
[info] 
[info] === Serving from 'C:\Users\lawre\OneDrive\Desktop\T-Gram'...
[info] 
[debug] [2025-10-11T07:24:08.687Z] Checked if tokens are valid: true, expires at: 1760171046297
[debug] [2025-10-11T07:24:08.687Z] Checked if tokens are valid: true, expires at: 1760171046297
[debug] [2025-10-11T07:24:08.687Z] >>> [apiv2][query] GET https://firebasehosting.googleapis.com/v1beta1/projects/t-gram-53a4f/sites 
[debug] [2025-10-11T07:24:09.428Z] <<< [apiv2][status] GET https://firebasehosting.googleapis.com/v1beta1/projects/t-gram-53a4f/sites 200
[debug] [2025-10-11T07:24:09.428Z] <<< [apiv2][body] GET https://firebasehosting.googleapis.com/v1beta1/projects/t-gram-53a4f/sites {"sites":[{"name":"projects/t-gram-53a4f/sites/t-gram-53a4f","defaultUrl":"https://t-gram-53a4f.web.app","appId":"1:1014219227882:web:d7920fa32ee32080280d93","type":"DEFAULT_SITE"}]}
[debug] [2025-10-11T07:24:09.429Z] Checked if tokens are valid: true, expires at: 1760171046297
[debug] [2025-10-11T07:24:09.429Z] Checked if tokens are valid: true, expires at: 1760171046297
[debug] [2025-10-11T07:24:09.429Z] >>> [apiv2][query] GET https://firebase.googleapis.com/v1beta1/projects/t-gram-53a4f/webApps/1:1014219227882:web:d7920fa32ee32080280d93/config [none]
[debug] [2025-10-11T07:24:10.300Z] <<< [apiv2][status] GET https://firebase.googleapis.com/v1beta1/projects/t-gram-53a4f/webApps/1:1014219227882:web:d7920fa32ee32080280d93/config 200
[debug] [2025-10-11T07:24:10.300Z] <<< [apiv2][body] GET https://firebase.googleapis.com/v1beta1/projects/t-gram-53a4f/webApps/1:1014219227882:web:d7920fa32ee32080280d93/config {"projectId":"t-gram-53a4f","appId":"1:1014219227882:web:d7920fa32ee32080280d93","storageBucket":"t-gram-53a4f.firebasestorage.app","apiKey":"AIzaSyAcsUPTJHGsty4TysuoHRffPeBtHhCob90","authDomain":"t-gram-53a4f.firebaseapp.com","messagingSenderId":"1014219227882","projectNumber":"1014219227882","version":"2"}
[debug] [2025-10-11T07:24:10.318Z] Checked if tokens are valid: true, expires at: 1760171046297
[debug] [2025-10-11T07:24:10.318Z] Checked if tokens are valid: true, expires at: 1760171046297
[debug] [2025-10-11T07:24:10.319Z] >>> [apiv2][query] GET https://firebase.googleapis.com/v1beta1/projects/t-gram-53a4f [none]
[debug] [2025-10-11T07:24:10.620Z] <<< [apiv2][status] GET https://firebase.googleapis.com/v1beta1/projects/t-gram-53a4f 200
[debug] [2025-10-11T07:24:10.620Z] <<< [apiv2][body] GET https://firebase.googleapis.com/v1beta1/projects/t-gram-53a4f {"projectId":"t-gram-53a4f","projectNumber":"1014219227882","displayName":"T-Gram","name":"projects/t-gram-53a4f","resources":{"hostingSite":"t-gram-53a4f"},"state":"ACTIVE","etag":"1_5dd3ee68-6d57-4f5e-84a3-aa09f3255951"}
[info] i  hosting[t-gram-53a4f]: Serving hosting files from: public {"metadata":{"emulator":{"name":"hosting"},"message":"Serving hosting files from: \u001b[1mpublic\u001b[22m"}}
[info] +  hosting[t-gram-53a4f]: Local server: http://localhost:5000 {"metadata":{"emulator":{"name":"hosting"},"message":"Local server: \u001b[4m\u001b[1mhttp://localhost:5000\u001b[22m\u001b[24m"}}
